  DnttgV2.cpp
c:\users\cristian.villalba\source\repos\dnttgv2\dnttgv2\dnttgv2.cpp(7): fatal error C1083: Cannot open include file: 'pandaFramework.h': No such file or directory
  FilterManager.cpp
c:\users\cristian.villalba\source\repos\dnttgv2\dnttgv2\filtermanager.h(2): fatal error C1083: Cannot open include file: 'pandaFramework.h': No such file or directory
  VDBGrid.cpp
c:\users\cristian.villalba\source\repos\dnttgv2\vcpkg\installed\x64-windows\include\openvdb\math\math.h(484): warning C4244: 'argument': conversion from 'int64_t' to 'long', possible loss of data
c:\users\cristian.villalba\source\repos\dnttgv2\vcpkg\installed\x64-windows\include\openvdb\exceptions.h(18): warning C4275: non dll-interface class 'std::exception' used as base for dll-interface class 'openvdb::v7_1::Exception'
  c:\program files (x86)\microsoft visual studio\2017\professional\vc\tools\msvc\14.16.27023\include\vcruntime_exception.h(44): note: see declaration of 'std::exception'
  c:\users\cristian.villalba\source\repos\dnttgv2\vcpkg\installed\x64-windows\include\openvdb\exceptions.h(17): note: see declaration of 'openvdb::v7_1::Exception'
c:\users\cristian.villalba\source\repos\dnttgv2\vcpkg\installed\x64-windows\include\openvdb\exceptions.h(43): warning C4251: 'openvdb::v7_1::Exception::mMessage': class 'std::basic_string<char,std::char_traits<char>,std::allocator<char>>' needs to have dll-interface to be used by clients of class 'openvdb::v7_1::Exception'
  c:\program files (x86)\microsoft visual studio\2017\professional\vc\tools\msvc\14.16.27023\include\xstring(4373): note: see declaration of 'std::basic_string<char,std::char_traits<char>,std::allocator<char>>'
c:\users\cristian.villalba\source\repos\dnttgv2\vcpkg\installed\x64-windows\include\openvdb\metadata.h(114): warning C4251: 'openvdb::v7_1::UnknownMetadata::mTypeName': class 'std::basic_string<char,std::char_traits<char>,std::allocator<char>>' needs to have dll-interface to be used by clients of class 'openvdb::v7_1::UnknownMetadata'
  c:\program files (x86)\microsoft visual studio\2017\professional\vc\tools\msvc\14.16.27023\include\xstring(4373): note: see declaration of 'std::basic_string<char,std::char_traits<char>,std::allocator<char>>'
c:\users\cristian.villalba\source\repos\dnttgv2\vcpkg\installed\x64-windows\include\openvdb\metadata.h(115): warning C4251: 'openvdb::v7_1::UnknownMetadata::mBytes': class 'std::vector<uint8_t,std::allocator<_Ty>>' needs to have dll-interface to be used by clients of class 'openvdb::v7_1::UnknownMetadata'
          with
          [
              _Ty=uint8_t
          ]
  c:\users\cristian.villalba\source\repos\dnttgv2\vcpkg\installed\x64-windows\include\openvdb\metadata.h(95): note: see declaration of 'std::vector<uint8_t,std::allocator<_Ty>>'
          with
          [
              _Ty=uint8_t
          ]
c:\users\cristian.villalba\source\repos\dnttgv2\vcpkg\installed\x64-windows\include\openvdb\io\io.h(109): warning C4251: 'openvdb::v7_1::io::StreamMetadata::mImpl': class 'std::unique_ptr<openvdb::v7_1::io::StreamMetadata::Impl,std::default_delete<_Ty>>' needs to have dll-interface to be used by clients of class 'openvdb::v7_1::io::StreamMetadata'
          with
          [
              _Ty=openvdb::v7_1::io::StreamMetadata::Impl
          ]
  c:\users\cristian.villalba\source\repos\dnttgv2\vcpkg\installed\x64-windows\include\openvdb\io\io.h(109): note: see declaration of 'std::unique_ptr<openvdb::v7_1::io::StreamMetadata::Impl,std::default_delete<_Ty>>'
          with
          [
              _Ty=openvdb::v7_1::io::StreamMetadata::Impl
          ]
c:\users\cristian.villalba\source\repos\dnttgv2\vcpkg\installed\x64-windows\include\openvdb\io\io.h(170): warning C4251: 'openvdb::v7_1::io::MappedFile::mImpl': class 'std::unique_ptr<openvdb::v7_1::io::MappedFile::Impl,std::default_delete<_Ty>>' needs to have dll-interface to be used by clients of class 'openvdb::v7_1::io::MappedFile'
          with
          [
              _Ty=openvdb::v7_1::io::MappedFile::Impl
          ]
  c:\users\cristian.villalba\source\repos\dnttgv2\vcpkg\installed\x64-windows\include\openvdb\io\io.h(170): note: see declaration of 'std::unique_ptr<openvdb::v7_1::io::MappedFile::Impl,std::default_delete<_Ty>>'
          with
          [
              _Ty=openvdb::v7_1::io::MappedFile::Impl
          ]
c:\users\cristian.villalba\source\repos\dnttgv2\vcpkg\installed\x64-windows\include\openvdb\math\maps.h(289): warning C4251: 'openvdb::v7_1::math::MapRegistry::mMap': class 'std::map<openvdb::v7_1::Name,openvdb::v7_1::math::MapBase::MapFactory,std::less<_Kty>,std::allocator<std::pair<const _Kty,_Ty>>>' needs to have dll-interface to be used by clients of class 'openvdb::v7_1::math::MapRegistry'
          with
          [
              _Kty=std::string,
              _Ty=openvdb::v7_1::math::MapBase::MapFactory
          ]
  c:\users\cristian.villalba\source\repos\dnttgv2\vcpkg\installed\x64-windows\include\openvdb\math\maps.h(265): note: see declaration of 'std::map<openvdb::v7_1::Name,openvdb::v7_1::math::MapBase::MapFactory,std::less<_Kty>,std::allocator<std::pair<const _Kty,_Ty>>>'
          with
          [
              _Kty=std::string,
              _Ty=openvdb::v7_1::math::MapBase::MapFactory
          ]
c:\users\cristian.villalba\source\repos\dnttgv2\vcpkg\installed\x64-windows\include\openvdb\math\maps.h(640): warning C4251: 'openvdb::v7_1::math::AffineMap::mMatrix': class 'openvdb::v7_1::math::Mat4<T>' needs to have dll-interface to be used by clients of class 'openvdb::v7_1::math::AffineMap'
          with
          [
              T=double
          ]
  c:\users\cristian.villalba\source\repos\dnttgv2\vcpkg\installed\x64-windows\include\openvdb\math\mat3.h(118): note: see declaration of 'openvdb::v7_1::math::Mat4<T>'
          with
          [
              T=double
          ]
c:\users\cristian.villalba\source\repos\dnttgv2\vcpkg\installed\x64-windows\include\openvdb\math\maps.h(643): warning C4251: 'openvdb::v7_1::math::AffineMap::mMatrixInv': class 'openvdb::v7_1::math::Mat4<T>' needs to have dll-interface to be used by clients of class 'openvdb::v7_1::math::AffineMap'
          with
          [
              T=double
          ]
  c:\users\cristian.villalba\source\repos\dnttgv2\vcpkg\installed\x64-windows\include\openvdb\math\mat3.h(118): note: see declaration of 'openvdb::v7_1::math::Mat4<T>'
          with
          [
              T=double
          ]
c:\users\cristian.villalba\source\repos\dnttgv2\vcpkg\installed\x64-windows\include\openvdb\math\maps.h(644): warning C4251: 'openvdb::v7_1::math::AffineMap::mJacobianInv': class 'openvdb::v7_1::math::Mat3<double>' needs to have dll-interface to be used by clients of class 'openvdb::v7_1::math::AffineMap'
  c:\users\cristian.villalba\source\repos\dnttgv2\vcpkg\installed\x64-windows\include\openvdb\math\mat3.h(816): note: see declaration of 'openvdb::v7_1::math::Mat3<double>'
c:\users\cristian.villalba\source\repos\dnttgv2\vcpkg\installed\x64-windows\include\openvdb\math\maps.h(646): warning C4251: 'openvdb::v7_1::math::AffineMap::mVoxelSize': class 'openvdb::v7_1::math::Vec3<double>' needs to have dll-interface to be used by clients of class 'openvdb::v7_1::math::AffineMap'
  c:\users\cristian.villalba\source\repos\dnttgv2\vcpkg\installed\x64-windows\include\openvdb\math\vec3.h(662): note: see declaration of 'openvdb::v7_1::math::Vec3<double>'
c:\users\cristian.villalba\source\repos\dnttgv2\vcpkg\installed\x64-windows\include\openvdb\math\maps.h(894): warning C4251: 'openvdb::v7_1::math::ScaleMap::mScaleValues': class 'openvdb::v7_1::math::Vec3<double>' needs to have dll-interface to be used by clients of class 'openvdb::v7_1::math::ScaleMap'
  c:\users\cristian.villalba\source\repos\dnttgv2\vcpkg\installed\x64-windows\include\openvdb\math\vec3.h(662): note: see declaration of 'openvdb::v7_1::math::Vec3<double>'
c:\users\cristian.villalba\source\repos\dnttgv2\vcpkg\installed\x64-windows\include\openvdb\math\maps.h(894): warning C4251: 'openvdb::v7_1::math::ScaleMap::mVoxelSize': class 'openvdb::v7_1::math::Vec3<double>' needs to have dll-interface to be used by clients of class 'openvdb::v7_1::math::ScaleMap'
  c:\users\cristian.villalba\source\repos\dnttgv2\vcpkg\installed\x64-windows\include\openvdb\math\vec3.h(662): note: see declaration of 'openvdb::v7_1::math::Vec3<double>'
c:\users\cristian.villalba\source\repos\dnttgv2\vcpkg\installed\x64-windows\include\openvdb\math\maps.h(894): warning C4251: 'openvdb::v7_1::math::ScaleMap::mScaleValuesInverse': class 'openvdb::v7_1::math::Vec3<double>' needs to have dll-interface to be used by clients of class 'openvdb::v7_1::math::ScaleMap'
  c:\users\cristian.villalba\source\repos\dnttgv2\vcpkg\installed\x64-windows\include\openvdb\math\vec3.h(662): note: see declaration of 'openvdb::v7_1::math::Vec3<double>'
c:\users\cristian.villalba\source\repos\dnttgv2\vcpkg\installed\x64-windows\include\openvdb\math\maps.h(894): warning C4251: 'openvdb::v7_1::math::ScaleMap::mInvScaleSqr': class 'openvdb::v7_1::math::Vec3<double>' needs to have dll-interface to be used by clients of class 'openvdb::v7_1::math::ScaleMap'
  c:\users\cristian.villalba\source\repos\dnttgv2\vcpkg\installed\x64-windows\include\openvdb\math\vec3.h(662): note: see declaration of 'openvdb::v7_1::math::Vec3<double>'
c:\users\cristian.villalba\source\repos\dnttgv2\vcpkg\installed\x64-windows\include\openvdb\math\maps.h(894): warning C4251: 'openvdb::v7_1::math::ScaleMap::mInvTwiceScale': class 'openvdb::v7_1::math::Vec3<double>' needs to have dll-interface to be used by clients of class 'openvdb::v7_1::math::ScaleMap'
  c:\users\cristian.villalba\source\repos\dnttgv2\vcpkg\installed\x64-windows\include\openvdb\math\vec3.h(662): note: see declaration of 'openvdb::v7_1::math::Vec3<double>'
c:\users\cristian.villalba\source\repos\dnttgv2\vcpkg\installed\x64-windows\include\openvdb\math\maps.h(1145): warning C4251: 'openvdb::v7_1::math::TranslationMap::mTranslation': class 'openvdb::v7_1::math::Vec3<double>' needs to have dll-interface to be used by clients of class 'openvdb::v7_1::math::TranslationMap'
  c:\users\cristian.villalba\source\repos\dnttgv2\vcpkg\installed\x64-windows\include\openvdb\math\vec3.h(662): note: see declaration of 'openvdb::v7_1::math::Vec3<double>'
c:\users\cristian.villalba\source\repos\dnttgv2\vcpkg\installed\x64-windows\include\openvdb\math\maps.h(1437): warning C4251: 'openvdb::v7_1::math::ScaleTranslateMap::mTranslation': class 'openvdb::v7_1::math::Vec3<double>' needs to have dll-interface to be used by clients of class 'openvdb::v7_1::math::ScaleTranslateMap'
  c:\users\cristian.villalba\source\repos\dnttgv2\vcpkg\installed\x64-windows\include\openvdb\math\vec3.h(662): note: see declaration of 'openvdb::v7_1::math::Vec3<double>'
c:\users\cristian.villalba\source\repos\dnttgv2\vcpkg\installed\x64-windows\include\openvdb\math\maps.h(1437): warning C4251: 'openvdb::v7_1::math::ScaleTranslateMap::mScaleValues': class 'openvdb::v7_1::math::Vec3<double>' needs to have dll-interface to be used by clients of class 'openvdb::v7_1::math::ScaleTranslateMap'
  c:\users\cristian.villalba\source\repos\dnttgv2\vcpkg\installed\x64-windows\include\openvdb\math\vec3.h(662): note: see declaration of 'openvdb::v7_1::math::Vec3<double>'
c:\users\cristian.villalba\source\repos\dnttgv2\vcpkg\installed\x64-windows\include\openvdb\math\maps.h(1437): warning C4251: 'openvdb::v7_1::math::ScaleTranslateMap::mVoxelSize': class 'openvdb::v7_1::math::Vec3<double>' needs to have dll-interface to be used by clients of class 'openvdb::v7_1::math::ScaleTranslateMap'
  c:\users\cristian.villalba\source\repos\dnttgv2\vcpkg\installed\x64-windows\include\openvdb\math\vec3.h(662): note: see declaration of 'openvdb::v7_1::math::Vec3<double>'
c:\users\cristian.villalba\source\repos\dnttgv2\vcpkg\installed\x64-windows\include\openvdb\math\maps.h(1437): warning C4251: 'openvdb::v7_1::math::ScaleTranslateMap::mScaleValuesInverse': class 'openvdb::v7_1::math::Vec3<double>' needs to have dll-interface to be used by clients of class 'openvdb::v7_1::math::ScaleTranslateMap'
  c:\users\cristian.villalba\source\repos\dnttgv2\vcpkg\installed\x64-windows\include\openvdb\math\vec3.h(662): note: see declaration of 'openvdb::v7_1::math::Vec3<double>'
c:\users\cristian.villalba\source\repos\dnttgv2\vcpkg\installed\x64-windows\include\openvdb\math\maps.h(1438): warning C4251: 'openvdb::v7_1::math::ScaleTranslateMap::mInvScaleSqr': class 'openvdb::v7_1::math::Vec3<double>' needs to have dll-interface to be used by clients of class 'openvdb::v7_1::math::ScaleTranslateMap'
  c:\users\cristian.villalba\source\repos\dnttgv2\vcpkg\installed\x64-windows\include\openvdb\math\vec3.h(662): note: see declaration of 'openvdb::v7_1::math::Vec3<double>'
c:\users\cristian.villalba\source\repos\dnttgv2\vcpkg\installed\x64-windows\include\openvdb\math\maps.h(1438): warning C4251: 'openvdb::v7_1::math::ScaleTranslateMap::mInvTwiceScale': class 'openvdb::v7_1::math::Vec3<double>' needs to have dll-interface to be used by clients of class 'openvdb::v7_1::math::ScaleTranslateMap'
  c:\users\cristian.villalba\source\repos\dnttgv2\vcpkg\installed\x64-windows\include\openvdb\math\vec3.h(662): note: see declaration of 'openvdb::v7_1::math::Vec3<double>'
c:\users\cristian.villalba\source\repos\dnttgv2\vcpkg\installed\x64-windows\include\openvdb\math\maps.h(2552): warning C4251: 'openvdb::v7_1::math::NonlinearFrustumMap::mBBox': class 'openvdb::v7_1::math::BBox<openvdb::v7_1::math::Vec3d>' needs to have dll-interface to be used by clients of class 'openvdb::v7_1::math::NonlinearFrustumMap'
  c:\users\cristian.villalba\source\repos\dnttgv2\vcpkg\installed\x64-windows\include\openvdb\types.h(61): note: see declaration of 'openvdb::v7_1::math::BBox<openvdb::v7_1::math::Vec3d>'
c:\users\cristian.villalba\source\repos\dnttgv2\vcpkg\installed\x64-windows\include\openvdb\math\transform.h(157): warning C4251: 'openvdb::v7_1::math::Transform::mMap': class 'std::shared_ptr<openvdb::v7_1::math::MapBase>' needs to have dll-interface to be used by clients of class 'openvdb::v7_1::math::Transform'
  c:\users\cristian.villalba\source\repos\dnttgv2\vcpkg\installed\x64-windows\include\openvdb\types.h(91): note: see declaration of 'std::shared_ptr<openvdb::v7_1::math::MapBase>'
c:\users\cristian.villalba\source\repos\dnttgv2\vcpkg\installed\x64-windows\include\openvdb\metamap.h(108): warning C4251: 'openvdb::v7_1::MetaMap::mMeta': class 'std::map<openvdb::v7_1::Name,openvdb::v7_1::Metadata::Ptr,std::less<_Kty>,std::allocator<std::pair<const _Kty,_Ty>>>' needs to have dll-interface to be used by clients of class 'openvdb::v7_1::MetaMap'
          with
          [
              _Kty=std::string,
              _Ty=openvdb::v7_1::Metadata::Ptr
          ]
  c:\users\cristian.villalba\source\repos\dnttgv2\vcpkg\installed\x64-windows\include\openvdb\metamap.h(25): note: see declaration of 'std::map<openvdb::v7_1::Name,openvdb::v7_1::Metadata::Ptr,std::less<_Kty>,std::allocator<std::pair<const _Kty,_Ty>>>'
          with
          [
              _Kty=std::string,
              _Ty=openvdb::v7_1::Metadata::Ptr
          ]
c:\users\cristian.villalba\source\repos\dnttgv2\vcpkg\installed\x64-windows\include\openvdb\io\delayedloadmetadata.h(93): warning C4251: 'openvdb::v7_1::io::DelayedLoadMetadata::mMask': class 'std::vector<openvdb::v7_1::io::DelayedLoadMetadata::MaskType,std::allocator<_Ty>>' needs to have dll-interface to be used by clients of class 'openvdb::v7_1::io::DelayedLoadMetadata'
          with
          [
              _Ty=openvdb::v7_1::io::DelayedLoadMetadata::MaskType
          ]
  c:\users\cristian.villalba\source\repos\dnttgv2\vcpkg\installed\x64-windows\include\openvdb\io\delayedloadmetadata.h(93): note: see declaration of 'std::vector<openvdb::v7_1::io::DelayedLoadMetadata::MaskType,std::allocator<_Ty>>'
          with
          [
              _Ty=openvdb::v7_1::io::DelayedLoadMetadata::MaskType
          ]
c:\users\cristian.villalba\source\repos\dnttgv2\vcpkg\installed\x64-windows\include\openvdb\io\delayedloadmetadata.h(94): warning C4251: 'openvdb::v7_1::io::DelayedLoadMetadata::mCompressedSize': class 'std::vector<openvdb::v7_1::io::DelayedLoadMetadata::CompressedSizeType,std::allocator<_Ty>>' needs to have dll-interface to be used by clients of class 'openvdb::v7_1::io::DelayedLoadMetadata'
          with
          [
              _Ty=openvdb::v7_1::io::DelayedLoadMetadata::CompressedSizeType
          ]
  c:\users\cristian.villalba\source\repos\dnttgv2\vcpkg\installed\x64-windows\include\openvdb\io\delayedloadmetadata.h(94): note: see declaration of 'std::vector<openvdb::v7_1::io::DelayedLoadMetadata::CompressedSizeType,std::allocator<_Ty>>'
          with
          [
              _Ty=openvdb::v7_1::io::DelayedLoadMetadata::CompressedSizeType
          ]
CL : TBB warning : tbb/atomic.h is deprecated. For details, please see Deprecated Features appendix in the TBB reference manual.
c:\users\cristian.villalba\source\repos\dnttgv2\vcpkg\installed\x64-windows\include\openvdb\grid.h(502): warning C4251: 'openvdb::v7_1::GridBase::mTransform': class 'std::shared_ptr<openvdb::v7_1::math::Transform>' needs to have dll-interface to be used by clients of class 'openvdb::v7_1::GridBase'
  c:\users\cristian.villalba\source\repos\dnttgv2\vcpkg\installed\x64-windows\include\openvdb\types.h(91): note: see declaration of 'std::shared_ptr<openvdb::v7_1::math::Transform>'
c:\users\cristian.villalba\source\repos\dnttgv2\vcpkg\installed\x64-windows\include\openvdb\grid.h(535): warning C4251: 'openvdb::v7_1::GridNamePred::name': class 'std::basic_string<char,std::char_traits<char>,std::allocator<char>>' needs to have dll-interface to be used by clients of struct 'openvdb::v7_1::GridNamePred'
  c:\program files (x86)\microsoft visual studio\2017\professional\vc\tools\msvc\14.16.27023\include\xstring(4373): note: see declaration of 'std::basic_string<char,std::char_traits<char>,std::allocator<char>>'
c:\users\cristian.villalba\source\repos\dnttgv2\vcpkg\installed\x64-windows\include\openvdb\io\archive.h(178): warning C4251: 'openvdb::v7_1::io::Archive::mLibraryVersion': struct 'openvdb::v7_1::VersionId' needs to have dll-interface to be used by clients of class 'openvdb::v7_1::io::Archive'
  c:\users\cristian.villalba\source\repos\dnttgv2\vcpkg\installed\x64-windows\include\openvdb\version.h(202): note: see declaration of 'openvdb::v7_1::VersionId'
c:\users\cristian.villalba\source\repos\dnttgv2\vcpkg\installed\x64-windows\include\openvdb\io\griddescriptor.h(84): warning C4251: 'openvdb::v7_1::io::GridDescriptor::mGridName': class 'std::basic_string<char,std::char_traits<char>,std::allocator<char>>' needs to have dll-interface to be used by clients of class 'openvdb::v7_1::io::GridDescriptor'
  c:\program files (x86)\microsoft visual studio\2017\professional\vc\tools\msvc\14.16.27023\include\xstring(4373): note: see declaration of 'std::basic_string<char,std::char_traits<char>,std::allocator<char>>'
c:\users\cristian.villalba\source\repos\dnttgv2\vcpkg\installed\x64-windows\include\openvdb\io\griddescriptor.h(86): warning C4251: 'openvdb::v7_1::io::GridDescriptor::mUniqueName': class 'std::basic_string<char,std::char_traits<char>,std::allocator<char>>' needs to have dll-interface to be used by clients of class 'openvdb::v7_1::io::GridDescriptor'
  c:\program files (x86)\microsoft visual studio\2017\professional\vc\tools\msvc\14.16.27023\include\xstring(4373): note: see declaration of 'std::basic_string<char,std::char_traits<char>,std::allocator<char>>'
c:\users\cristian.villalba\source\repos\dnttgv2\vcpkg\installed\x64-windows\include\openvdb\io\griddescriptor.h(88): warning C4251: 'openvdb::v7_1::io::GridDescriptor::mInstanceParentName': class 'std::basic_string<char,std::char_traits<char>,std::allocator<char>>' needs to have dll-interface to be used by clients of class 'openvdb::v7_1::io::GridDescriptor'
  c:\program files (x86)\microsoft visual studio\2017\professional\vc\tools\msvc\14.16.27023\include\xstring(4373): note: see declaration of 'std::basic_string<char,std::char_traits<char>,std::allocator<char>>'
c:\users\cristian.villalba\source\repos\dnttgv2\vcpkg\installed\x64-windows\include\openvdb\io\griddescriptor.h(90): warning C4251: 'openvdb::v7_1::io::GridDescriptor::mGridType': class 'std::basic_string<char,std::char_traits<char>,std::allocator<char>>' needs to have dll-interface to be used by clients of class 'openvdb::v7_1::io::GridDescriptor'
  c:\program files (x86)\microsoft visual studio\2017\professional\vc\tools\msvc\14.16.27023\include\xstring(4373): note: see declaration of 'std::basic_string<char,std::char_traits<char>,std::allocator<char>>'
c:\users\cristian.villalba\source\repos\dnttgv2\vcpkg\installed\x64-windows\include\openvdb\io\file.h(209): warning C4251: 'openvdb::v7_1::io::File::mImpl': class 'std::unique_ptr<openvdb::v7_1::io::File::Impl,std::default_delete<_Ty>>' needs to have dll-interface to be used by clients of class 'openvdb::v7_1::io::File'
          with
          [
              _Ty=openvdb::v7_1::io::File::Impl
          ]
  c:\users\cristian.villalba\source\repos\dnttgv2\vcpkg\installed\x64-windows\include\openvdb\io\file.h(209): note: see declaration of 'std::unique_ptr<openvdb::v7_1::io::File::Impl,std::default_delete<_Ty>>'
          with
          [
              _Ty=openvdb::v7_1::io::File::Impl
          ]
CL : TBB warning : tbb/task_scheduler_init.h is deprecated. For details, please see Deprecated Features appendix in the TBB reference manual.
c:\users\cristian.villalba\source\repos\dnttgv2\vcpkg\installed\x64-windows\include\openvdb\points\streamcompression.h(159): warning C4251: 'openvdb::v7_1::compression::Page::mInfo': class 'std::unique_ptr<openvdb::v7_1::compression::Page::Info,std::default_delete<_Ty>>' needs to have dll-interface to be used by clients of class 'openvdb::v7_1::compression::Page'
          with
          [
              _Ty=openvdb::v7_1::compression::Page::Info
          ]
  c:\users\cristian.villalba\source\repos\dnttgv2\vcpkg\installed\x64-windows\include\openvdb\points\streamcompression.h(159): note: see declaration of 'std::unique_ptr<openvdb::v7_1::compression::Page::Info,std::default_delete<_Ty>>'
          with
          [
              _Ty=openvdb::v7_1::compression::Page::Info
          ]
c:\users\cristian.villalba\source\repos\dnttgv2\vcpkg\installed\x64-windows\include\openvdb\points\streamcompression.h(160): warning C4251: 'openvdb::v7_1::compression::Page::mData': class 'std::unique_ptr<char [],std::default_delete<_Ty>>' needs to have dll-interface to be used by clients of class 'openvdb::v7_1::compression::Page'
          with
          [
              _Ty=char []
          ]
  c:\users\cristian.villalba\source\repos\dnttgv2\vcpkg\installed\x64-windows\include\openvdb\points\streamcompression.h(71): note: see declaration of 'std::unique_ptr<char [],std::default_delete<_Ty>>'
          with
          [
              _Ty=char []
          ]
c:\users\cristian.villalba\source\repos\dnttgv2\vcpkg\installed\x64-windows\include\openvdb\points\streamcompression.h(161): warning C4251: 'openvdb::v7_1::compression::Page::mMutex': class 'tbb::spin_mutex' needs to have dll-interface to be used by clients of class 'openvdb::v7_1::compression::Page'
  c:\users\cristian.villalba\source\repos\dnttgv2\vcpkg\installed\x64-windows\include\tbb\spin_mutex.h(39): note: see declaration of 'tbb::spin_mutex'
c:\users\cristian.villalba\source\repos\dnttgv2\vcpkg\installed\x64-windows\include\openvdb\points\streamcompression.h(199): warning C4251: 'openvdb::v7_1::compression::PageHandle::mPage': class 'std::shared_ptr<openvdb::v7_1::compression::Page>' needs to have dll-interface to be used by clients of class 'openvdb::v7_1::compression::PageHandle'
  c:\users\cristian.villalba\source\repos\dnttgv2\vcpkg\installed\x64-windows\include\openvdb\points\streamcompression.h(124): note: see declaration of 'std::shared_ptr<openvdb::v7_1::compression::Page>'
c:\users\cristian.villalba\source\repos\dnttgv2\vcpkg\installed\x64-windows\include\openvdb\points\streamcompression.h(237): warning C4251: 'openvdb::v7_1::compression::PagedInputStream::mPage': class 'std::shared_ptr<openvdb::v7_1::compression::Page>' needs to have dll-interface to be used by clients of class 'openvdb::v7_1::compression::PagedInputStream'
  c:\users\cristian.villalba\source\repos\dnttgv2\vcpkg\installed\x64-windows\include\openvdb\points\streamcompression.h(124): note: see declaration of 'std::shared_ptr<openvdb::v7_1::compression::Page>'
c:\users\cristian.villalba\source\repos\dnttgv2\vcpkg\installed\x64-windows\include\openvdb\points\streamcompression.h(276): warning C4251: 'openvdb::v7_1::compression::PagedOutputStream::mData': class 'std::unique_ptr<char [],std::default_delete<_Ty>>' needs to have dll-interface to be used by clients of class 'openvdb::v7_1::compression::PagedOutputStream'
          with
          [
              _Ty=char []
          ]
  c:\users\cristian.villalba\source\repos\dnttgv2\vcpkg\installed\x64-windows\include\openvdb\points\streamcompression.h(71): note: see declaration of 'std::unique_ptr<char [],std::default_delete<_Ty>>'
          with
          [
              _Ty=char []
          ]
c:\users\cristian.villalba\source\repos\dnttgv2\vcpkg\installed\x64-windows\include\openvdb\points\streamcompression.h(277): warning C4251: 'openvdb::v7_1::compression::PagedOutputStream::mCompressedData': class 'std::unique_ptr<char [],std::default_delete<_Ty>>' needs to have dll-interface to be used by clients of class 'openvdb::v7_1::compression::PagedOutputStream'
          with
          [
              _Ty=char []
          ]
  c:\users\cristian.villalba\source\repos\dnttgv2\vcpkg\installed\x64-windows\include\openvdb\points\streamcompression.h(71): note: see declaration of 'std::unique_ptr<char [],std::default_delete<_Ty>>'
          with
          [
              _Ty=char []
          ]
c:\users\cristian.villalba\source\repos\dnttgv2\vcpkg\installed\x64-windows\include\openvdb\points\attributearray.h(120): warning C4251: 'openvdb::v7_1::points::AttributeArray::ScopedRegistryLock::lock': class 'tbb::spin_mutex::scoped_lock' needs to have dll-interface to be used by clients of class 'openvdb::v7_1::points::AttributeArray::ScopedRegistryLock'
  c:\users\cristian.villalba\source\repos\dnttgv2\vcpkg\installed\x64-windows\include\tbb\spin_mutex.h(53): note: see declaration of 'tbb::spin_mutex::scoped_lock'
c:\users\cristian.villalba\source\repos\dnttgv2\vcpkg\installed\x64-windows\include\openvdb\points\attributearray.h(414): warning C4251: 'openvdb::v7_1::points::AttributeArray::mMutex': class 'tbb::spin_mutex' needs to have dll-interface to be used by clients of class 'openvdb::v7_1::points::AttributeArray'
  c:\users\cristian.villalba\source\repos\dnttgv2\vcpkg\installed\x64-windows\include\tbb\spin_mutex.h(39): note: see declaration of 'tbb::spin_mutex'
c:\users\cristian.villalba\source\repos\dnttgv2\vcpkg\installed\x64-windows\include\openvdb\points\attributearray.h(417): warning C4251: 'openvdb::v7_1::points::AttributeArray::mOutOfCore': struct 'tbb::atomic<unsigned int>' needs to have dll-interface to be used by clients of class 'openvdb::v7_1::points::AttributeArray'
  c:\users\cristian.villalba\source\repos\dnttgv2\vcpkg\installed\x64-windows\include\tbb\atomic.h(491): note: see declaration of 'tbb::atomic<unsigned int>'
c:\users\cristian.villalba\source\repos\dnttgv2\vcpkg\installed\x64-windows\include\openvdb\points\attributearraystring.h(88): warning C4251: 'openvdb::v7_1::points::StringMetaCache::mCache': class 'std::unordered_map<openvdb::v7_1::Name,openvdb::v7_1::Index,std::hash<_Kty>,std::equal_to<_Kty>,std::allocator<std::pair<const _Kty,_Ty>>>' needs to have dll-interface to be used by clients of class 'openvdb::v7_1::points::StringMetaCache'
          with
          [
              _Kty=openvdb::v7_1::Name,
              _Ty=openvdb::v7_1::Index
          ]
  c:\users\cristian.villalba\source\repos\dnttgv2\vcpkg\installed\x64-windows\include\openvdb\points\attributearraystring.h(68): note: see declaration of 'std::unordered_map<openvdb::v7_1::Name,openvdb::v7_1::Index,std::hash<_Kty>,std::equal_to<_Kty>,std::allocator<std::pair<const _Kty,_Ty>>>'
          with
          [
              _Kty=openvdb::v7_1::Name,
              _Ty=openvdb::v7_1::Index
          ]
c:\users\cristian.villalba\source\repos\dnttgv2\vcpkg\installed\x64-windows\include\openvdb\points\attributearraystring.h(123): warning C4251: 'openvdb::v7_1::points::StringMetaInserter::mIdBlocks': class 'std::deque<std::pair<openvdb::v7_1::Index,openvdb::v7_1::Index>,std::allocator<_Ty>>' needs to have dll-interface to be used by clients of class 'openvdb::v7_1::points::StringMetaInserter'
          with
          [
              _Ty=std::pair<openvdb::v7_1::Index,openvdb::v7_1::Index>
          ]
  c:\users\cristian.villalba\source\repos\dnttgv2\vcpkg\installed\x64-windows\include\openvdb\points\attributearraystring.h(120): note: see declaration of 'std::deque<std::pair<openvdb::v7_1::Index,openvdb::v7_1::Index>,std::allocator<_Ty>>'
          with
          [
              _Ty=std::pair<openvdb::v7_1::Index,openvdb::v7_1::Index>
          ]
c:\users\cristian.villalba\source\repos\dnttgv2\vcpkg\installed\x64-windows\include\openvdb\points\attributearraystring.h(186): warning C4251: 'openvdb::v7_1::points::StringAttributeHandle::mHandle': class 'openvdb::v7_1::points::AttributeHandle<openvdb::v7_1::Index,openvdb::v7_1::points::StringCodec<false>>' needs to have dll-interface to be used by clients of class 'openvdb::v7_1::points::StringAttributeHandle'
  c:\users\cristian.villalba\source\repos\dnttgv2\vcpkg\installed\x64-windows\include\openvdb\points\attributearraystring.h(186): note: see declaration of 'openvdb::v7_1::points::AttributeHandle<openvdb::v7_1::Index,openvdb::v7_1::points::StringCodec<false>>'
c:\users\cristian.villalba\source\repos\dnttgv2\vcpkg\installed\x64-windows\include\openvdb\points\attributearraystring.h(243): warning C4251: 'openvdb::v7_1::points::StringAttributeWriteHandle::mWriteHandle': class 'openvdb::v7_1::points::AttributeWriteHandle<openvdb::v7_1::Index,openvdb::v7_1::points::StringCodec<false>>' needs to have dll-interface to be used by clients of class 'openvdb::v7_1::points::StringAttributeWriteHandle'
  c:\users\cristian.villalba\source\repos\dnttgv2\vcpkg\installed\x64-windows\include\openvdb\points\attributearraystring.h(243): note: see declaration of 'openvdb::v7_1::points::AttributeWriteHandle<openvdb::v7_1::Index,openvdb::v7_1::points::StringCodec<false>>'
c:\users\cristian.villalba\source\repos\dnttgv2\vcpkg\installed\x64-windows\include\openvdb\points\attributeset.h(293): warning C4251: 'openvdb::v7_1::points::AttributeSet::mDescr': class 'std::shared_ptr<openvdb::v7_1::points::AttributeSet::Descriptor>' needs to have dll-interface to be used by clients of class 'openvdb::v7_1::points::AttributeSet'
  c:\users\cristian.villalba\source\repos\dnttgv2\vcpkg\installed\x64-windows\include\openvdb\points\attributeset.h(49): note: see declaration of 'std::shared_ptr<openvdb::v7_1::points::AttributeSet::Descriptor>'
c:\users\cristian.villalba\source\repos\dnttgv2\vcpkg\installed\x64-windows\include\openvdb\points\attributeset.h(294): warning C4251: 'openvdb::v7_1::points::AttributeSet::mAttrs': class 'std::vector<openvdb::v7_1::points::AttributeArray::Ptr,std::allocator<_Ty>>' needs to have dll-interface to be used by clients of class 'openvdb::v7_1::points::AttributeSet'
          with
          [
              _Ty=openvdb::v7_1::points::AttributeArray::Ptr
          ]
  c:\users\cristian.villalba\source\repos\dnttgv2\vcpkg\installed\x64-windows\include\openvdb\points\attributeset.h(291): note: see declaration of 'std::vector<openvdb::v7_1::points::AttributeArray::Ptr,std::allocator<_Ty>>'
          with
          [
              _Ty=openvdb::v7_1::points::AttributeArray::Ptr
          ]
c:\users\cristian.villalba\source\repos\dnttgv2\vcpkg\installed\x64-windows\include\openvdb\points\attributeset.h(537): warning C4251: 'openvdb::v7_1::points::AttributeSet::Descriptor::mNameMap': class 'std::map<std::string,size_t,std::less<_Kty>,std::allocator<std::pair<const _Kty,_Ty>>>' needs to have dll-interface to be used by clients of class 'openvdb::v7_1::points::AttributeSet::Descriptor'
          with
          [
              _Kty=std::string,
              _Ty=size_t
          ]
  c:\users\cristian.villalba\source\repos\dnttgv2\vcpkg\installed\x64-windows\include\openvdb\points\attributeset.h(66): note: see declaration of 'std::map<std::string,size_t,std::less<_Kty>,std::allocator<std::pair<const _Kty,_Ty>>>'
          with
          [
              _Kty=std::string,
              _Ty=size_t
          ]
c:\users\cristian.villalba\source\repos\dnttgv2\vcpkg\installed\x64-windows\include\openvdb\points\attributeset.h(538): warning C4251: 'openvdb::v7_1::points::AttributeSet::Descriptor::mTypes': class 'std::vector<openvdb::v7_1::NamePair,std::allocator<_Ty>>' needs to have dll-interface to be used by clients of class 'openvdb::v7_1::points::AttributeSet::Descriptor'
          with
          [
              _Ty=openvdb::v7_1::NamePair
          ]
  c:\users\cristian.villalba\source\repos\dnttgv2\vcpkg\installed\x64-windows\include\openvdb\points\attributeset.h(538): note: see declaration of 'std::vector<openvdb::v7_1::NamePair,std::allocator<_Ty>>'
          with
          [
              _Ty=openvdb::v7_1::NamePair
          ]
c:\users\cristian.villalba\source\repos\dnttgv2\vcpkg\installed\x64-windows\include\openvdb\points\attributeset.h(539): warning C4251: 'openvdb::v7_1::points::AttributeSet::Descriptor::mGroupMap': class 'std::map<std::string,size_t,std::less<_Kty>,std::allocator<std::pair<const _Kty,_Ty>>>' needs to have dll-interface to be used by clients of class 'openvdb::v7_1::points::AttributeSet::Descriptor'
          with
          [
              _Kty=std::string,
              _Ty=size_t
          ]
  c:\users\cristian.villalba\source\repos\dnttgv2\vcpkg\installed\x64-windows\include\openvdb\points\attributeset.h(66): note: see declaration of 'std::map<std::string,size_t,std::less<_Kty>,std::allocator<std::pair<const _Kty,_Ty>>>'
          with
          [
              _Kty=std::string,
              _Ty=size_t
          ]
c:\users\cristian.villalba\source\repos\dnttgv2\vcpkg\installed\x64-windows\include\openvdb\points\attributeset.h(544): warning C4251: 'openvdb::v7_1::points::AttributeSet::Descriptor::mFutureContainer': class 'openvdb::v7_1::points::future::Container' needs to have dll-interface to be used by clients of class 'openvdb::v7_1::points::AttributeSet::Descriptor'
  c:\users\cristian.villalba\source\repos\dnttgv2\vcpkg\installed\x64-windows\include\openvdb\points\attributeset.h(302): note: see declaration of 'openvdb::v7_1::points::future::Container'
c:\users\cristian.villalba\source\repos\dnttgv2\vcpkg\installed\x64-windows\include\openvdb\io\stream.h(69): warning C4251: 'openvdb::v7_1::io::Stream::mImpl': class 'std::unique_ptr<openvdb::v7_1::io::Stream::Impl,std::default_delete<_Ty>>' needs to have dll-interface to be used by clients of class 'openvdb::v7_1::io::Stream'
          with
          [
              _Ty=openvdb::v7_1::io::Stream::Impl
          ]
  c:\users\cristian.villalba\source\repos\dnttgv2\vcpkg\installed\x64-windows\include\openvdb\io\stream.h(69): note: see declaration of 'std::unique_ptr<openvdb::v7_1::io::Stream::Impl,std::default_delete<_Ty>>'
          with
          [
              _Ty=openvdb::v7_1::io::Stream::Impl
          ]
c:\users\cristian.villalba\source\repos\dnttgv2\dnttgv2\vdbgrid.h(19): fatal error C1083: Cannot open include file: 'pandaFramework.h': No such file or directory
  Generating Code...
