c:\users\cristian.villalba\source\repos\dnttgv2\dnttgv2\x64\release\vc141.pdb
c:\users\cristian.villalba\source\repos\dnttgv2\dnttgv2\x64\release\vdbgrid.obj
c:\users\cristian.villalba\source\repos\dnttgv2\dnttgv2\x64\release\filtermanager.obj
c:\users\cristian.villalba\source\repos\dnttgv2\dnttgv2\x64\release\dnttgv2.obj
c:\users\cristian.villalba\source\repos\dnttgv2\x64\release\dnttgv2.ipdb
c:\users\cristian.villalba\source\repos\dnttgv2\x64\release\dnttgv2.iobj
c:\users\cristian.villalba\source\repos\dnttgv2\x64\release\half-2_5.dll
c:\users\cristian.villalba\source\repos\dnttgv2\x64\release\openvdb.dll
c:\users\cristian.villalba\source\repos\dnttgv2\x64\release\blosc.dll
c:\users\cristian.villalba\source\repos\dnttgv2\x64\release\lz4.dll
c:\users\cristian.villalba\source\repos\dnttgv2\x64\release\snappy.dll
c:\users\cristian.villalba\source\repos\dnttgv2\x64\release\zlib1.dll
c:\users\cristian.villalba\source\repos\dnttgv2\x64\release\zstd.dll
c:\users\cristian.villalba\source\repos\dnttgv2\x64\release\tbb.dll
c:\users\cristian.villalba\source\repos\dnttgv2\x64\release\dnttgv2.exe
c:\users\cristian.villalba\source\repos\dnttgv2\x64\release\dnttgv2.pdb
c:\users\cristian.villalba\source\repos\dnttgv2\dnttgv2\x64\release\dnttgv2.tlog\cl.command.1.tlog
c:\users\cristian.villalba\source\repos\dnttgv2\dnttgv2\x64\release\dnttgv2.tlog\cl.read.1.tlog
c:\users\cristian.villalba\source\repos\dnttgv2\dnttgv2\x64\release\dnttgv2.tlog\cl.write.1.tlog
c:\users\cristian.villalba\source\repos\dnttgv2\dnttgv2\x64\release\dnttgv2.tlog\dnttgv2.write.1u.tlog
c:\users\cristian.villalba\source\repos\dnttgv2\dnttgv2\x64\release\dnttgv2.tlog\link.command.1.tlog
c:\users\cristian.villalba\source\repos\dnttgv2\dnttgv2\x64\release\dnttgv2.tlog\link.read.1.tlog
c:\users\cristian.villalba\source\repos\dnttgv2\dnttgv2\x64\release\dnttgv2.tlog\link.write.1.tlog
